<?xml version="1.0" encoding="UTF-8"?>
<!-- Generated by org.testng.reporters.JUnitXMLReporter -->
<testsuite hostname="DESKTOP-4ICSQ0J" ignored="0" name="Test" tests="1" failures="0" timestamp="2019-12-16T14:55:18 IST" time="0.047" errors="0">
  <testcase name="@BeforeTest VerifyTitlepage" time="-1.576488318027E9" classname="Mavenprograms.CrossbrowserScript">
    <failure type="org.testng.TestNGException" message="
Parameter &amp;apos;browser&amp;apos; is required by BeforeTest on method VerifyTitlepage but has not been marked @Optional or defined
in C:\Users\91991\git\rammi\HMSWELLDOMAIL\testng.xml">
      <![CDATA[org.testng.TestNGException: 
Parameter 'browser' is required by BeforeTest on method VerifyTitlepage but has not been marked @Optional or defined
in C:\Users\91991\git\rammi\HMSWELLDOMAIL\testng.xml
... Removed 21 stack frames]]>
    </failure>
  </testcase> <!-- @BeforeTest VerifyTitlepage -->
  <testcase name="@AfterTest afterTest" time="-1.576488318074E9" classname="Mavenprograms.CrossbrowserScript">
    <skipped/>
  </testcase> <!-- @AfterTest afterTest -->
  <testcase name="testparameterwithxml" time="0.0" classname="Mavenprograms.CrossbrowserScript">
    <skipped/>
  </testcase> <!-- testparameterwithxml -->
</testsuite> <!-- Test -->
